Elapsed 119561 ms
Reading Binary
Parsing fight data
ArcDPS Build EVTC20210223
ArcDPS Combat Item Revision 1
Fight Instance 1
Parsing agent data
Agent Count 326
Parsing skill data
Skill Count 1448
Parsing combat list
Combat Event Count 447559
Linking agents to combat list
Preparing data for log generation
Data parsed
Creating GW2EI Combat Events
Creating EI Combat Data
Combining SkillInfo with SkillData
Creating Cast Events
Creating Buff Events
Creating Damage Events
Creating Custom Buff Events
Creating Custom Damage Events
Creating Custom Cast Events
Creating Custom Status Events
Attaching Banners to Warriors
Attaching Turrets to Engineers
Attaching Ranger Gadgets to Rangers
Attaching Racial Gadgets to Players
Creating GW2EI Log Meta Data
PoV Garryx The Clever
GW2 Build 112716
Language English
Log Start 2021-03-21 18:14:38 -07:00
Log End 2021-03-21 18:24:34 -07:00
Checking Success
Checking CM
Creating Buff Container
Unknown Food 9819
Unknown Food 9979
Unknown Food 10095
Unknown Food 10127
Unknown Food 34207
Unknown Food 34655
Unknown Food 34676
Unknown Food 34686
Unknown Food 34739
Unknown Food 37475
Unknown Food 40014
Unknown Food 57067
Adjusted capacity for Fury from 9 to 25
Adjusted capacity for Aegis from 9 to 25
Adjusted capacity for Swiftness from 9 to 25
Adjusted capacity for Blind from 9 to 25
Adjusted capacity for Slow from 9 to 25
Adjusted capacity for Taunt from 5 to 25
Adjusted capacity for Shield of Wrath from 3 to 25
Adjusted capacity for Signet of Resolve from 25 to 1
Adjusted capacity for Unbroken Lines from 3 to 25
Unknown Formula for Guild Item Research: Unknown 93:  +10Unknown
Unknown Formula for Plate of Truffle Steak: Unknown 77:  +10Unknown
Unknown Formula for Bowl of Sweet and Spicy Butternut Squash Soup: Unknown 77:  +10Unknown
Unknown Formula for Bowl of Orrian Truffle and Meat Stew: Unknown 77:  +10Unknown
Unknown Formula for Plate of Mussels Gnashblade: Unknown 77:  +10Unknown
Unknown Formula for Dragon's Breath Bun: Unknown 77:  +10Unknown
Unknown Formula for Soul Pastry: Unknown 77:  +15Unknown
Unknown Formula for Bowl of Fruit Salad with Mint Garnish: Unknown 88:  +10Unknown
Unknown Formula for Bowl of Fruit Salad with Mint Garnish: Unknown 101:  +5Unknown
Unknown Formula for Bowl of Fruit Salad with Mint Garnish: Unknown 93:  +20Unknown
Unknown Formula for Bowl of Fruit Salad with Mint Garnish: Unknown 78:  +20Unknown
Unknown Formula for Bowl of Fruit Salad with Mint Garnish: Unknown 113:  +10Unknown
Unknown Formula for Bowl of Spiced Fruit Salad: Unknown 88:  +10Unknown
Unknown Formula for Bowl of Spiced Fruit Salad: Unknown 101:  +5Unknown
Unknown Formula for Bowl of Spiced Fruit Salad: Unknown 93:  +20Unknown
Unknown Formula for Bowl of Spiced Fruit Salad: Unknown 78:  +20Unknown
Unknown Formula for Bowl of Spiced Fruit Salad: Unknown 113:  +10Unknown
Unknown Formula for Peppercorn and Veggie Flatbread: Unknown 88:  +10Unknown
Unknown Formula for Peppercorn and Veggie Flatbread: Unknown 101:  +5Unknown
Unknown Formula for Peppercorn and Veggie Flatbread: Unknown 93:  +20Unknown
Unknown Formula for Peppercorn and Veggie Flatbread: Unknown 78:  +20Unknown
Unknown Formula for Peppercorn and Veggie Flatbread: Unknown 113:  +10Unknown
Unknown Formula for Peppercorn-Crusted Sous-Vide Steak: Unknown 88:  +10Unknown
Unknown Formula for Peppercorn-Crusted Sous-Vide Steak: Unknown 101:  +5Unknown
Unknown Formula for Peppercorn-Crusted Sous-Vide Steak: Unknown 93:  +20Unknown
Unknown Formula for Peppercorn-Crusted Sous-Vide Steak: Unknown 78:  +20Unknown
Unknown Formula for Peppercorn-Crusted Sous-Vide Steak: Unknown 113:  +10Unknown
Unknown Formula for Peppered Cured Meat Flatbread: Unknown 88:  +10Unknown
Unknown Formula for Peppered Cured Meat Flatbread: Unknown 101:  +5Unknown
Unknown Formula for Peppered Cured Meat Flatbread: Unknown 93:  +20Unknown
Unknown Formula for Peppered Cured Meat Flatbread: Unknown 78:  +20Unknown
Unknown Formula for Peppered Cured Meat Flatbread: Unknown 113:  +10Unknown
Unknown Formula for Plate of Peppercorn-Spiced Poultry Aspic: Unknown 88:  +10Unknown
Unknown Formula for Plate of Peppercorn-Spiced Poultry Aspic: Unknown 101:  +5Unknown
Unknown Formula for Plate of Peppercorn-Spiced Poultry Aspic: Unknown 93:  +20Unknown
Unknown Formula for Plate of Peppercorn-Spiced Poultry Aspic: Unknown 78:  +20Unknown
Unknown Formula for Plate of Peppercorn-Spiced Poultry Aspic: Unknown 113:  +10Unknown
Unknown Formula for Superior Sharpening Stone: Unknown 77:  +10Unknown
Unknown Formula for Master Maintenance Oil: Unknown 77:  +10Unknown
Unknown Formula for Master Tuning Crystal: Unknown 77:  +10Unknown
Unknown Formula for Tin of Fruitcake: Unknown 77:  +10Unknown
Unknown Formula for Tin of Fruitcake: Unknown 88:  +10Unknown
Unknown Formula for Toxic Sharpening Stone: Unknown 77:  +10Unknown
Unknown Formula for Furious Sharpening Stone: Unknown 77:  +10Unknown
Unknown Formula for Peppermint Oil: Unknown 77:  +10Unknown
Unknown Formula for Peppermint Oil: Unknown 88:  +10Unknown
Unknown Formula for Toxic Maintenance Oil: Unknown 77:  +10Unknown
Unknown Formula for Magnanimous Maintenance Oil: Unknown 77:  +10Unknown
Unknown Formula for Potent Lucent Oil: Unknown 77:  +10Unknown
Unknown Formula for Furious Maintenance Oil: Unknown 77:  +10Unknown
Unknown Formula for Holographic Super Drumstick: Unknown 77:  +10Unknown
Unknown Formula for Bountiful Maintenance Oil: Unknown 71:  +0.006Unknown
Unknown Formula for Bountiful Maintenance Oil: Unknown 71:  +0.008Unknown
Unknown Formula for Bountiful Maintenance Oil: Unknown 77:  +10Unknown
Unknown Formula for Toxic Focusing Crystal: Unknown 77:  +10Unknown
Unknown Formula for Magnanimous Tuning Crystal: Unknown 77:  +10Unknown
Unknown Formula for Writ of Masterful Strength: Unknown 77:  +10Unknown
Unknown Formula for Rising Momentum: Unknown 82:  +5Unknown
Unknown Formula for Blood Reckoning: Unknown 34:  +33Unknown
Unknown Formula for Blood Reckoning: Unknown 35:  +33Unknown
Unknown Formula for Litany of Wrath: Unknown 35:  +33Unknown
Unknown Formula for Litany of Wrath: Unknown 34:  +33Unknown
Unknown Formula for Eternal Oasis: Unknown 67:  +20Unknown
Unknown Formula for Food 9819: Unknown 77:  +10Unknown
Unknown Formula for Food 9979: Unknown 77:  +10Unknown
Unknown Formula for Food 10095: Unknown 77:  +10Unknown
Unknown Formula for Food 10127: Unknown 77:  +10Unknown
Unknown Formula for Food 34207: Unknown 77:  +10Unknown
Unknown Formula for Food 34207: Unknown 88:  +10Unknown
Unknown Formula for Food 37475: Unknown 77:  +10Unknown
Unknown Formula for Food 37475: Unknown 93:  +30Unknown
Unknown Formula for Food 40014: Unknown 88:  +10Unknown
Unknown Formula for Food 40014: Unknown 101:  +1Unknown
Unknown Formula for Food 57067: Unknown 88:  +10Unknown
Unknown Formula for Food 57067: Unknown 101:  +5Unknown
Unknown Formula for Food 57067: Unknown 93:  +20Unknown
Unknown Formula for Food 57067: Unknown 78:  +20Unknown
Unknown Formula for Food 57067: Unknown 113:  +10Unknown
Creating Damage Modifier Container
Creating Mechanic Data
Creating General Statistics Container
Uploading to DPSReports using EI
Upload tentative
Upload tentative failed: InternalServerError
Upload tentative
Upload tentative failed: InternalServerError
Upload tentative
Upload tentative failed: InternalServerError
Upload tentative
Upload tentative failed: InternalServerError
Upload tentative
Upload tentative failed: InternalServerError
DPSReports using EI: Upload process failed
Creating File(s)
Creating HTML
HTML: replacing global variables
HTML: building CSS
HTML: building JS
HTML: building Combat Replay JS
HTML: building Log Data
HTML: building Players
Initializing Actor dictionary
HTML: building Enemies
HTML: building Targets
HTML: building Skill/Buff dictionaries
HTML: building Phases
HTML: building Meta Data
HTML: building Graph Data
HTML created
Completed parsing for killed detailed_wvw
